2017-08-30 12:02:55,598 - [INFO] - from br.com.mertins.dl4j.samples.abccc.CnnRPMongo in main
                
Load data....

2017-08-30 12:02:56,093 - [INFO] - from org.mongodb.driver.cluster in main
                
Cluster created with settings {hosts=[localhost:27017], mode=MULTIPLE, requiredClusterType=UNKNOWN, serverSelectionTimeout='30000 ms', maxWaitQueueSize=500}

2017-08-30 12:02:56,093 - [INFO] - from org.mongodb.driver.cluster in main
                
Adding discovered server localhost:27017 to client view of cluster

2017-08-30 12:02:56,388 - [INFO] - from org.mongodb.driver.cluster in main
                
No server chosen by ReadPreferenceServerSelector{readPreference=primary} from cluster description ClusterDescription{type=UNKNOWN, connectionMode=MULTIPLE, serverDescriptions=[ServerDescription{address=localhost:27017, type=UNKNOWN, state=CONNECTING}]}. Waiting for 30000 ms before timing out

2017-08-30 12:02:56,390 - [INFO] - from org.mongodb.driver.connection in cluster-ClusterId{value='59a6d3a03dbc0e4172914fd3', description='null'}-localhost:27017
                
Opened connection [connectionId{localValue:1, serverValue:1}] to localhost:27017

2017-08-30 12:02:56,392 - [INFO] - from org.mongodb.driver.cluster in cluster-ClusterId{value='59a6d3a03dbc0e4172914fd3', description='null'}-localhost:27017
                
Monitor thread successfully connected to server with description ServerDescription{address=localhost:27017, type=STANDALONE, state=CONNECTED, ok=true, version=ServerVersion{versionList=[3, 4, 7]}, minWireVersion=0, maxWireVersion=5, maxDocumentSize=16777216, roundTripTimeNanos=687101}

2017-08-30 12:02:56,393 - [INFO] - from org.mongodb.driver.cluster in cluster-ClusterId{value='59a6d3a03dbc0e4172914fd3', description='null'}-localhost:27017
                
Discovered cluster type of STANDALONE

2017-08-30 12:02:56,401 - [INFO] - from org.mongodb.driver.connection in main
                
Opened connection [connectionId{localValue:2, serverValue:2}] to localhost:27017

2017-08-30 12:02:57,282 - [INFO] - from br.com.mertins.dl4j.samples.abccc.CnnRPMongo in main
                
Build model....

2017-08-30 12:02:57,365 - [INFO] - from org.nd4j.linalg.factory.Nd4jBackend in main
                
Loaded [CpuBackend] backend

2017-08-30 12:02:58,245 - [INFO] - from org.nd4j.nativeblas.NativeOpsHolder in main
                
Number of threads used for NativeOps: 4

2017-08-30 12:02:58,843 - [INFO] - from org.nd4j.nativeblas.Nd4jBlas in main
                
Number of threads used for BLAS: 4

2017-08-30 12:02:58,866 - [INFO] - from org.nd4j.linalg.api.ops.executioner.DefaultOpExecutioner in main
                
Backend used: [CPU]; OS: [Linux]

2017-08-30 12:02:58,866 - [INFO] - from org.nd4j.linalg.api.ops.executioner.DefaultOpExecutioner in main
                
Cores: [4]; Memory: [3,5GB];

2017-08-30 12:02:58,866 - [INFO] - from org.nd4j.linalg.api.ops.executioner.DefaultOpExecutioner in main
                
Blas vendor: [OPENBLAS]

2017-08-30 12:03:03,170 - [WARN] - from org.deeplearning4j.nn.conf.layers.LayerValidation in main
                
Layer "cnn1" l1 or l2 has been added to configuration but useRegularization is set to false.

2017-08-30 12:03:03,170 - [WARN] - from org.deeplearning4j.nn.conf.layers.LayerValidation in main
                
Layer "cnn2" l1 or l2 has been added to configuration but useRegularization is set to false.

2017-08-30 12:03:03,170 - [WARN] - from org.deeplearning4j.nn.conf.layers.LayerValidation in main
                
Layer "layer4" l1 or l2 has been added to configuration but useRegularization is set to false.

2017-08-30 12:03:03,170 - [WARN] - from org.deeplearning4j.nn.conf.layers.LayerValidation in main
                
Layer "layer5" l1 or l2 has been added to configuration but useRegularization is set to false.

2017-08-30 12:03:03,192 - [INFO] - from org.deeplearning4j.nn.multilayer.MultiLayerNetwork in main
                
Starting MultiLayerNetwork with WorkspaceModes set to [training: NONE; inference: SEPARATE]

2017-08-30 12:03:03,468 - [INFO] - from br.com.mertins.dl4j.samples.abccc.CnnRPMongo in main
                
Train model....

2017-08-30 12:03:09,395 - [INFO] - from org.deeplearning4j.optimize.listeners.ScoreIterationListener in main
                
Score at iteration 0 is 0.6949808597564697

2017-08-30 12:03:12,055 - [INFO] - from org.deeplearning4j.optimize.listeners.ScoreIterationListener in main
                
Score at iteration 1 is 0.6709579229354858

2017-08-30 12:03:15,347 - [INFO] - from org.deeplearning4j.optimize.listeners.ScoreIterationListener in main
                
Score at iteration 2 is 0.7012418508529663

2017-08-30 12:03:18,207 - [INFO] - from org.deeplearning4j.optimize.listeners.ScoreIterationListener in main
                
Score at iteration 3 is 0.7133015394210815

2017-08-30 12:03:21,332 - [INFO] - from org.deeplearning4j.optimize.listeners.ScoreIterationListener in main
                
Score at iteration 4 is 0.6828840970993042

2017-08-30 12:04:36,174 - [INFO] - from br.com.mertins.dl4j.samples.abccc.CnnRPMongo in main
                
Load data....

2017-08-30 12:04:36,474 - [INFO] - from org.mongodb.driver.cluster in main
                
Cluster created with settings {hosts=[localhost:27017], mode=MULTIPLE, requiredClusterType=UNKNOWN, serverSelectionTimeout='30000 ms', maxWaitQueueSize=500}

2017-08-30 12:04:36,475 - [INFO] - from org.mongodb.driver.cluster in main
                
Adding discovered server localhost:27017 to client view of cluster

2017-08-30 12:04:36,593 - [INFO] - from org.mongodb.driver.connection in cluster-ClusterId{value='59a6d4043dbc0e425b7921ca', description='null'}-localhost:27017
                
Opened connection [connectionId{localValue:1, serverValue:3}] to localhost:27017

2017-08-30 12:04:36,594 - [INFO] - from org.mongodb.driver.cluster in main
                
No server chosen by ReadPreferenceServerSelector{readPreference=primary} from cluster description ClusterDescription{type=UNKNOWN, connectionMode=MULTIPLE, serverDescriptions=[ServerDescription{address=localhost:27017, type=UNKNOWN, state=CONNECTING}]}. Waiting for 30000 ms before timing out

2017-08-30 12:04:36,595 - [INFO] - from org.mongodb.driver.cluster in cluster-ClusterId{value='59a6d4043dbc0e425b7921ca', description='null'}-localhost:27017
                
Monitor thread successfully connected to server with description ServerDescription{address=localhost:27017, type=STANDALONE, state=CONNECTED, ok=true, version=ServerVersion{versionList=[3, 4, 7]}, minWireVersion=0, maxWireVersion=5, maxDocumentSize=16777216, roundTripTimeNanos=665583}

2017-08-30 12:04:36,596 - [INFO] - from org.mongodb.driver.cluster in cluster-ClusterId{value='59a6d4043dbc0e425b7921ca', description='null'}-localhost:27017
                
Discovered cluster type of STANDALONE

2017-08-30 12:04:36,602 - [INFO] - from org.mongodb.driver.connection in main
                
Opened connection [connectionId{localValue:2, serverValue:4}] to localhost:27017

2017-08-30 12:04:36,837 - [INFO] - from br.com.mertins.dl4j.samples.abccc.CnnRPMongo in main
                
Build model....

2017-08-30 12:04:36,895 - [INFO] - from org.nd4j.linalg.factory.Nd4jBackend in main
                
Loaded [JCublasBackend] backend

2017-08-30 12:04:38,033 - [INFO] - from org.nd4j.nativeblas.NativeOpsHolder in main
                
Number of threads used for NativeOps: 32

2017-08-30 12:04:41,169 - [INFO] - from org.nd4j.linalg.api.ops.executioner.DefaultOpExecutioner in main
                
Backend used: [CUDA]; OS: [Linux]

2017-08-30 12:04:41,170 - [INFO] - from org.nd4j.linalg.api.ops.executioner.DefaultOpExecutioner in main
                
Cores: [4]; Memory: [3,5GB];

2017-08-30 12:04:41,170 - [INFO] - from org.nd4j.linalg.api.ops.executioner.DefaultOpExecutioner in main
                
Blas vendor: [CUBLAS]

2017-08-30 12:04:41,170 - [INFO] - from org.nd4j.linalg.jcublas.ops.executioner.CudaExecutioner in main
                
Device name: [GeForce GTX 760]; CC: [3.0]; Total/free memory: [2094923776]

2017-08-30 12:04:44,783 - [WARN] - from org.deeplearning4j.nn.conf.layers.LayerValidation in main
                
Layer "cnn1" l1 or l2 has been added to configuration but useRegularization is set to false.

2017-08-30 12:04:44,784 - [WARN] - from org.deeplearning4j.nn.conf.layers.LayerValidation in main
                
Layer "cnn2" l1 or l2 has been added to configuration but useRegularization is set to false.

2017-08-30 12:04:44,784 - [WARN] - from org.deeplearning4j.nn.conf.layers.LayerValidation in main
                
Layer "layer4" l1 or l2 has been added to configuration but useRegularization is set to false.

2017-08-30 12:04:44,784 - [WARN] - from org.deeplearning4j.nn.conf.layers.LayerValidation in main
                
Layer "layer5" l1 or l2 has been added to configuration but useRegularization is set to false.

2017-08-30 12:04:44,805 - [INFO] - from org.deeplearning4j.nn.multilayer.MultiLayerNetwork in main
                
Starting MultiLayerNetwork with WorkspaceModes set to [training: NONE; inference: SEPARATE]

2017-08-30 12:04:45,181 - [INFO] - from br.com.mertins.dl4j.samples.abccc.CnnRPMongo in main
                
Train model....

2017-08-30 12:04:47,549 - [INFO] - from org.nd4j.nativeblas.Nd4jBlas in main
                
Number of threads used for BLAS: 0

2017-08-30 12:04:48,536 - [INFO] - from org.deeplearning4j.optimize.listeners.ScoreIterationListener in main
                
Score at iteration 0 is 0.694980800151825

2017-08-30 12:04:49,983 - [INFO] - from org.deeplearning4j.optimize.listeners.ScoreIterationListener in main
                
Score at iteration 1 is 0.6709579229354858

2017-08-30 12:04:51,948 - [INFO] - from org.deeplearning4j.optimize.listeners.ScoreIterationListener in main
                
Score at iteration 2 is 0.7012418508529663

2017-08-30 12:04:53,938 - [INFO] - from org.deeplearning4j.optimize.listeners.ScoreIterationListener in main
                
Score at iteration 3 is 0.7133015394210815

2017-08-30 12:04:55,814 - [INFO] - from org.deeplearning4j.optimize.listeners.ScoreIterationListener in main
                
Score at iteration 4 is 0.682884156703949

2017-08-30 12:04:58,801 - [INFO] - from org.deeplearning4j.optimize.listeners.ScoreIterationListener in main
                
Score at iteration 5 is 0.7025406360626221

2017-08-30 12:05:02,206 - [INFO] - from org.deeplearning4j.optimize.listeners.ScoreIterationListener in main
                
Score at iteration 6 is 0.6947566270828247

2017-08-30 12:05:05,241 - [INFO] - from org.deeplearning4j.optimize.listeners.ScoreIterationListener in main
                
Score at iteration 7 is 0.6820019483566284

2017-08-30 12:05:08,243 - [INFO] - from org.deeplearning4j.optimize.listeners.ScoreIterationListener in main
                
Score at iteration 8 is 0.6886236667633057

2017-08-30 12:05:11,503 - [INFO] - from org.deeplearning4j.optimize.listeners.ScoreIterationListener in main
                
Score at iteration 9 is 0.6766924262046814

2017-08-30 12:05:14,675 - [INFO] - from org.deeplearning4j.optimize.listeners.ScoreIterationListener in main
                
Score at iteration 10 is 0.6780385971069336

2017-08-30 12:05:17,882 - [INFO] - from org.deeplearning4j.optimize.listeners.ScoreIterationListener in main
                
Score at iteration 11 is 0.6731176376342773

2017-08-30 12:05:21,104 - [INFO] - from org.deeplearning4j.optimize.listeners.ScoreIterationListener in main
                
Score at iteration 12 is 0.6732305288314819

2017-08-30 12:05:24,103 - [INFO] - from org.deeplearning4j.optimize.listeners.ScoreIterationListener in main
                
Score at iteration 13 is 0.6772628426551819

2017-08-30 12:05:27,190 - [INFO] - from org.deeplearning4j.optimize.listeners.ScoreIterationListener in main
                
Score at iteration 14 is 0.6664875745773315

2017-08-30 12:05:29,941 - [INFO] - from org.deeplearning4j.optimize.listeners.ScoreIterationListener in main
                
Score at iteration 15 is 0.6911644339561462

2017-08-30 12:05:33,017 - [INFO] - from org.deeplearning4j.optimize.listeners.ScoreIterationListener in main
                
Score at iteration 16 is 0.6651818752288818

2017-08-30 12:05:35,980 - [INFO] - from org.deeplearning4j.optimize.listeners.ScoreIterationListener in main
                
Score at iteration 17 is 0.6677988767623901

2017-08-30 12:05:38,921 - [INFO] - from org.deeplearning4j.optimize.listeners.ScoreIterationListener in main
                
Score at iteration 18 is 0.6782304048538208

2017-08-30 12:05:41,895 - [INFO] - from org.deeplearning4j.optimize.listeners.ScoreIterationListener in main
                
Score at iteration 19 is 0.6731095314025879

2017-08-30 12:05:44,528 - [INFO] - from org.deeplearning4j.optimize.listeners.ScoreIterationListener in main
                
Score at iteration 20 is 0.6792002320289612

2017-08-30 12:05:47,647 - [INFO] - from org.deeplearning4j.optimize.listeners.ScoreIterationListener in main
                
Score at iteration 21 is 0.6640244722366333

2017-08-30 12:05:50,603 - [INFO] - from org.deeplearning4j.optimize.listeners.ScoreIterationListener in main
                
Score at iteration 22 is 0.6522340178489685

2017-08-30 12:05:53,366 - [INFO] - from org.deeplearning4j.optimize.listeners.ScoreIterationListener in main
                
Score at iteration 23 is 0.6561391353607178

2017-08-30 12:05:56,275 - [INFO] - from org.deeplearning4j.optimize.listeners.ScoreIterationListener in main
                
Score at iteration 24 is 0.6733345985412598

2017-08-30 12:05:58,874 - [INFO] - from org.deeplearning4j.optimize.listeners.ScoreIterationListener in main
                
Score at iteration 25 is 0.6845871210098267

2017-08-30 12:06:01,729 - [INFO] - from org.deeplearning4j.optimize.listeners.ScoreIterationListener in main
                
Score at iteration 26 is 0.6517617702484131

2017-08-30 12:06:04,363 - [INFO] - from org.deeplearning4j.optimize.listeners.ScoreIterationListener in main
                
Score at iteration 27 is 0.682513415813446

2017-08-30 12:06:07,200 - [INFO] - from org.deeplearning4j.optimize.listeners.ScoreIterationListener in main
                
Score at iteration 28 is 0.650609016418457

2017-08-30 12:06:09,956 - [INFO] - from org.deeplearning4j.optimize.listeners.ScoreIterationListener in main
                
Score at iteration 29 is 0.6664028167724609

2017-08-30 12:06:12,458 - [INFO] - from org.deeplearning4j.optimize.listeners.ScoreIterationListener in main
                
Score at iteration 30 is 0.6713535785675049

2017-08-30 12:06:15,323 - [INFO] - from org.deeplearning4j.optimize.listeners.ScoreIterationListener in main
                
Score at iteration 31 is 0.651870846748352

2017-08-30 12:06:17,912 - [INFO] - from org.deeplearning4j.optimize.listeners.ScoreIterationListener in main
                
Score at iteration 32 is 0.6622242331504822

2017-08-30 12:06:20,750 - [INFO] - from org.deeplearning4j.optimize.listeners.ScoreIterationListener in main
                
Score at iteration 33 is 0.6559512615203857

2017-08-30 12:06:23,311 - [INFO] - from org.deeplearning4j.optimize.listeners.ScoreIterationListener in main
                
Score at iteration 34 is 0.6554280519485474

2017-08-30 12:06:25,807 - [INFO] - from org.deeplearning4j.optimize.listeners.ScoreIterationListener in main
                
Score at iteration 35 is 0.6707032322883606

2017-08-30 12:06:28,364 - [INFO] - from org.deeplearning4j.optimize.listeners.ScoreIterationListener in main
                
Score at iteration 36 is 0.6530081033706665

2017-08-30 12:06:30,854 - [INFO] - from org.deeplearning4j.optimize.listeners.ScoreIterationListener in main
                
Score at iteration 37 is 0.6618161201477051

2017-08-30 12:06:33,453 - [INFO] - from org.deeplearning4j.optimize.listeners.ScoreIterationListener in main
                
Score at iteration 38 is 0.6492738723754883

2017-08-30 12:06:35,956 - [INFO] - from org.deeplearning4j.optimize.listeners.ScoreIterationListener in main
                
Score at iteration 39 is 0.6523920297622681

2017-08-30 12:06:38,722 - [INFO] - from org.deeplearning4j.optimize.listeners.ScoreIterationListener in main
                
Score at iteration 40 is 0.6593220233917236

2017-08-30 12:06:41,488 - [INFO] - from org.deeplearning4j.optimize.listeners.ScoreIterationListener in main
                
Score at iteration 41 is 0.6504781246185303

2017-08-30 12:06:44,014 - [INFO] - from org.deeplearning4j.optimize.listeners.ScoreIterationListener in main
                
Score at iteration 42 is 0.6469630002975464

2017-08-30 12:06:46,608 - [INFO] - from org.deeplearning4j.optimize.listeners.ScoreIterationListener in main
                
Score at iteration 43 is 0.6549466252326965

2017-08-30 12:06:49,292 - [INFO] - from org.deeplearning4j.optimize.listeners.ScoreIterationListener in main
                
Score at iteration 44 is 0.6440608501434326

2017-08-30 12:06:51,593 - [INFO] - from org.deeplearning4j.optimize.listeners.ScoreIterationListener in main
                
Score at iteration 45 is 0.6485062837600708

2017-08-30 12:06:54,511 - [INFO] - from org.deeplearning4j.optimize.listeners.ScoreIterationListener in main
                
Score at iteration 46 is 0.6365156173706055

2017-08-30 12:06:56,918 - [INFO] - from org.deeplearning4j.optimize.listeners.ScoreIterationListener in main
                
Score at iteration 47 is 0.6605129837989807

2017-08-30 12:06:59,591 - [INFO] - from org.deeplearning4j.optimize.listeners.ScoreIterationListener in main
                
Score at iteration 48 is 0.6435456275939941

2017-08-30 12:07:02,048 - [INFO] - from org.deeplearning4j.optimize.listeners.ScoreIterationListener in main
                
Score at iteration 49 is 0.6525375843048096

2017-08-30 12:07:04,445 - [INFO] - from org.deeplearning4j.optimize.listeners.ScoreIterationListener in main
                
Score at iteration 50 is 0.6433370113372803

2017-08-30 12:07:06,982 - [INFO] - from org.deeplearning4j.optimize.listeners.ScoreIterationListener in main
                
Score at iteration 51 is 0.63985675573349

2017-08-30 12:07:09,777 - [INFO] - from org.deeplearning4j.optimize.listeners.ScoreIterationListener in main
                
Score at iteration 52 is 0.6317381858825684

2017-08-30 12:07:12,420 - [INFO] - from org.deeplearning4j.optimize.listeners.ScoreIterationListener in main
                
Score at iteration 53 is 0.6507465243339539

2017-08-30 12:07:15,173 - [INFO] - from org.deeplearning4j.optimize.listeners.ScoreIterationListener in main
                
Score at iteration 54 is 0.628949761390686

2017-08-30 12:07:17,507 - [INFO] - from org.deeplearning4j.optimize.listeners.ScoreIterationListener in main
                
Score at iteration 55 is 0.660264790058136

2017-08-30 12:07:20,136 - [INFO] - from org.deeplearning4j.optimize.listeners.ScoreIterationListener in main
                
Score at iteration 56 is 0.6225202679634094

2017-08-30 12:07:22,583 - [INFO] - from org.deeplearning4j.optimize.listeners.ScoreIterationListener in main
                
Score at iteration 57 is 0.6397328972816467

2017-08-30 12:07:25,368 - [INFO] - from org.deeplearning4j.optimize.listeners.ScoreIterationListener in main
                
Score at iteration 58 is 0.6518674492835999

2017-08-30 12:07:27,789 - [INFO] - from org.deeplearning4j.optimize.listeners.ScoreIterationListener in main
                
Score at iteration 59 is 0.6450574398040771

2017-08-30 12:07:30,251 - [INFO] - from org.deeplearning4j.optimize.listeners.ScoreIterationListener in main
                
Score at iteration 60 is 0.6499068737030029

2017-08-30 12:07:32,491 - [INFO] - from org.deeplearning4j.optimize.listeners.ScoreIterationListener in main
                
Score at iteration 61 is 0.6412947177886963

2017-08-30 12:07:35,056 - [INFO] - from org.deeplearning4j.optimize.listeners.ScoreIterationListener in main
                
Score at iteration 62 is 0.6423660516738892

2017-08-30 12:07:37,744 - [INFO] - from org.deeplearning4j.optimize.listeners.ScoreIterationListener in main
                
Score at iteration 63 is 0.6265822649002075

2017-08-30 12:07:40,326 - [INFO] - from org.deeplearning4j.optimize.listeners.ScoreIterationListener in main
                
Score at iteration 64 is 0.6615641713142395

2017-08-30 12:07:42,802 - [INFO] - from org.deeplearning4j.optimize.listeners.ScoreIterationListener in main
                
Score at iteration 65 is 0.6505782604217529

2017-08-30 12:07:45,348 - [INFO] - from org.deeplearning4j.optimize.listeners.ScoreIterationListener in main
                
Score at iteration 66 is 0.634845495223999

2017-08-30 12:07:47,682 - [INFO] - from org.deeplearning4j.optimize.listeners.ScoreIterationListener in main
                
Score at iteration 67 is 0.6359981298446655

2017-08-30 12:07:50,022 - [INFO] - from org.deeplearning4j.optimize.listeners.ScoreIterationListener in main
                
Score at iteration 68 is 0.6438392400741577

2017-08-30 12:07:52,408 - [INFO] - from org.deeplearning4j.optimize.listeners.ScoreIterationListener in main
                
Score at iteration 69 is 0.6252992749214172

2017-08-30 12:07:54,586 - [INFO] - from org.deeplearning4j.optimize.listeners.ScoreIterationListener in main
                
Score at iteration 70 is 0.6426231861114502

2017-08-30 12:07:57,107 - [INFO] - from org.deeplearning4j.optimize.listeners.ScoreIterationListener in main
                
Score at iteration 71 is 0.6368764042854309

2017-08-30 12:07:59,504 - [INFO] - from org.deeplearning4j.optimize.listeners.ScoreIterationListener in main
                
Score at iteration 72 is 0.63088458776474

2017-08-30 12:08:01,862 - [INFO] - from org.deeplearning4j.optimize.listeners.ScoreIterationListener in main
                
Score at iteration 73 is 0.638296365737915

2017-08-30 12:08:04,155 - [INFO] - from org.deeplearning4j.optimize.listeners.ScoreIterationListener in main
                
Score at iteration 74 is 0.6329379677772522

2017-08-30 12:08:06,395 - [INFO] - from org.deeplearning4j.optimize.listeners.ScoreIterationListener in main
                
Score at iteration 75 is 0.643229603767395

2017-08-30 12:08:09,024 - [INFO] - from org.deeplearning4j.optimize.listeners.ScoreIterationListener in main
                
Score at iteration 76 is 0.6294498443603516

2017-08-30 12:08:11,032 - [INFO] - from org.deeplearning4j.optimize.listeners.ScoreIterationListener in main
                
Score at iteration 77 is 0.6276837587356567

2017-08-30 12:08:13,283 - [INFO] - from org.deeplearning4j.optimize.listeners.ScoreIterationListener in main
                
Score at iteration 78 is 0.6478469967842102

2017-08-30 12:08:16,030 - [INFO] - from org.deeplearning4j.optimize.listeners.ScoreIterationListener in main
                
Score at iteration 79 is 0.6293470859527588

2017-08-30 12:08:18,787 - [INFO] - from org.deeplearning4j.optimize.listeners.ScoreIterationListener in main
                
Score at iteration 80 is 0.635050892829895

2017-08-30 12:08:19,138 - [INFO] - from org.deeplearning4j.datasets.iterator.MultipleEpochsIterator in ADSI prefetch thread
                
Epoch 1, number of batches completed 82

2017-08-30 12:08:19,453 - [INFO] - from org.deeplearning4j.optimize.listeners.ScoreIterationListener in main
                
Score at iteration 81 is 0.6129363179206848

2017-08-30 12:08:21,444 - [INFO] - from org.deeplearning4j.optimize.listeners.ScoreIterationListener in main
                
Score at iteration 82 is 0.6226884126663208

2017-08-30 12:08:23,196 - [INFO] - from org.deeplearning4j.optimize.listeners.ScoreIterationListener in main
                
Score at iteration 83 is 0.6297820806503296

2017-08-30 12:08:25,106 - [INFO] - from org.deeplearning4j.optimize.listeners.ScoreIterationListener in main
                
Score at iteration 84 is 0.617615818977356

2017-08-30 12:08:27,022 - [INFO] - from org.deeplearning4j.optimize.listeners.ScoreIterationListener in main
                
Score at iteration 85 is 0.6294115781784058

2017-08-30 12:08:28,732 - [INFO] - from org.deeplearning4j.optimize.listeners.ScoreIterationListener in main
                
Score at iteration 86 is 0.6150962114334106

2017-08-30 12:08:30,802 - [INFO] - from org.deeplearning4j.optimize.listeners.ScoreIterationListener in main
                
Score at iteration 87 is 0.6250342130661011

2017-08-30 12:08:32,662 - [INFO] - from org.deeplearning4j.optimize.listeners.ScoreIterationListener in main
                
Score at iteration 88 is 0.6147311329841614

2017-08-30 12:08:34,617 - [INFO] - from org.deeplearning4j.optimize.listeners.ScoreIterationListener in main
                
Score at iteration 89 is 0.6249503493309021

2017-08-30 12:08:36,534 - [INFO] - from org.deeplearning4j.optimize.listeners.ScoreIterationListener in main
                
Score at iteration 90 is 0.6071145534515381

2017-08-30 12:08:38,418 - [INFO] - from org.deeplearning4j.optimize.listeners.ScoreIterationListener in main
                
Score at iteration 91 is 0.6305608749389648

2017-08-30 12:08:40,453 - [INFO] - from org.deeplearning4j.optimize.listeners.ScoreIterationListener in main
                
Score at iteration 92 is 0.6443685293197632

2017-08-30 12:08:42,257 - [INFO] - from org.deeplearning4j.optimize.listeners.ScoreIterationListener in main
                
Score at iteration 93 is 0.605023205280304

2017-08-30 12:08:44,121 - [INFO] - from org.deeplearning4j.optimize.listeners.ScoreIterationListener in main
                
Score at iteration 94 is 0.6063694953918457

2017-08-30 12:08:46,050 - [INFO] - from org.deeplearning4j.optimize.listeners.ScoreIterationListener in main
                
Score at iteration 95 is 0.6485337615013123

2017-08-30 12:08:48,091 - [INFO] - from org.deeplearning4j.optimize.listeners.ScoreIterationListener in main
                
Score at iteration 96 is 0.6387383341789246

2017-08-30 12:08:50,114 - [INFO] - from org.deeplearning4j.optimize.listeners.ScoreIterationListener in main
                
Score at iteration 97 is 0.631624698638916

2017-08-30 12:08:52,006 - [INFO] - from org.deeplearning4j.optimize.listeners.ScoreIterationListener in main
                
Score at iteration 98 is 0.6144610047340393

2017-08-30 12:08:54,021 - [INFO] - from org.deeplearning4j.optimize.listeners.ScoreIterationListener in main
                
Score at iteration 99 is 0.6331726312637329

2017-08-30 12:08:55,812 - [INFO] - from org.deeplearning4j.optimize.listeners.ScoreIterationListener in main
                
Score at iteration 100 is 0.6086952090263367

2017-08-30 12:08:57,929 - [INFO] - from org.deeplearning4j.optimize.listeners.ScoreIterationListener in main
                
Score at iteration 101 is 0.6275361776351929

2017-08-30 12:08:59,972 - [INFO] - from org.deeplearning4j.optimize.listeners.ScoreIterationListener in main
                
Score at iteration 102 is 0.621607780456543

2017-08-30 12:09:01,997 - [INFO] - from org.deeplearning4j.optimize.listeners.ScoreIterationListener in main
                
Score at iteration 103 is 0.6180575489997864

2017-08-30 12:09:04,011 - [INFO] - from org.deeplearning4j.optimize.listeners.ScoreIterationListener in main
                
Score at iteration 104 is 0.6311320066452026

2017-08-30 12:09:05,793 - [INFO] - from org.deeplearning4j.optimize.listeners.ScoreIterationListener in main
                
Score at iteration 105 is 0.6259967088699341

2017-08-30 12:09:07,792 - [INFO] - from org.deeplearning4j.optimize.listeners.ScoreIterationListener in main
                
Score at iteration 106 is 0.6032580137252808

2017-08-30 12:09:09,691 - [INFO] - from org.deeplearning4j.optimize.listeners.ScoreIterationListener in main
                
Score at iteration 107 is 0.6194431781768799

2017-08-30 12:09:11,734 - [INFO] - from org.deeplearning4j.optimize.listeners.ScoreIterationListener in main
                
Score at iteration 108 is 0.6064725518226624

2017-08-30 12:09:13,731 - [INFO] - from org.deeplearning4j.optimize.listeners.ScoreIterationListener in main
                
Score at iteration 109 is 0.6127170920372009

2017-08-30 12:09:15,540 - [INFO] - from org.deeplearning4j.optimize.listeners.ScoreIterationListener in main
                
Score at iteration 110 is 0.6188564300537109

2017-08-30 12:09:17,602 - [INFO] - from org.deeplearning4j.optimize.listeners.ScoreIterationListener in main
                
Score at iteration 111 is 0.6287015676498413

2017-08-30 12:09:19,469 - [INFO] - from org.deeplearning4j.optimize.listeners.ScoreIterationListener in main
                
Score at iteration 112 is 0.6141452789306641

2017-08-30 12:09:21,568 - [INFO] - from org.deeplearning4j.optimize.listeners.ScoreIterationListener in main
                
Score at iteration 113 is 0.5957498550415039

2017-08-30 12:09:23,364 - [INFO] - from org.deeplearning4j.optimize.listeners.ScoreIterationListener in main
                
Score at iteration 114 is 0.6254713535308838

2017-08-30 12:09:25,130 - [INFO] - from org.deeplearning4j.optimize.listeners.ScoreIterationListener in main
                
Score at iteration 115 is 0.6325848698616028

2017-08-30 12:09:27,049 - [INFO] - from org.deeplearning4j.optimize.listeners.ScoreIterationListener in main
                
Score at iteration 116 is 0.6156550645828247

2017-08-30 12:09:28,935 - [INFO] - from org.deeplearning4j.optimize.listeners.ScoreIterationListener in main
                
Score at iteration 117 is 0.600226879119873

2017-08-30 12:09:30,846 - [INFO] - from org.deeplearning4j.optimize.listeners.ScoreIterationListener in main
                
Score at iteration 118 is 0.6093617081642151

2017-08-30 12:09:32,756 - [INFO] - from org.deeplearning4j.optimize.listeners.ScoreIterationListener in main
                
Score at iteration 119 is 0.6228657960891724

2017-08-30 12:09:34,662 - [INFO] - from org.deeplearning4j.optimize.listeners.ScoreIterationListener in main
                
Score at iteration 120 is 0.6261329054832458

2017-08-30 12:09:36,625 - [INFO] - from org.deeplearning4j.optimize.listeners.ScoreIterationListener in main
                
Score at iteration 121 is 0.618381142616272

2017-08-30 12:09:38,680 - [INFO] - from org.deeplearning4j.optimize.listeners.ScoreIterationListener in main
                
Score at iteration 122 is 0.5977978706359863

2017-08-30 12:09:40,682 - [INFO] - from org.deeplearning4j.optimize.listeners.ScoreIterationListener in main
                
Score at iteration 123 is 0.5997862815856934

2017-08-30 12:09:42,668 - [INFO] - from org.deeplearning4j.optimize.listeners.ScoreIterationListener in main
                
Score at iteration 124 is 0.6027895212173462

2017-08-30 12:09:44,588 - [INFO] - from org.deeplearning4j.optimize.listeners.ScoreIterationListener in main
                
Score at iteration 125 is 0.6067067384719849

2017-08-30 12:09:46,590 - [INFO] - from org.deeplearning4j.optimize.listeners.ScoreIterationListener in main
                
Score at iteration 126 is 0.6034190654754639

2017-08-30 12:09:48,619 - [INFO] - from org.deeplearning4j.optimize.listeners.ScoreIterationListener in main
                
Score at iteration 127 is 0.5978538990020752

2017-08-30 12:09:50,576 - [INFO] - from org.deeplearning4j.optimize.listeners.ScoreIterationListener in main
                
Score at iteration 128 is 0.6027028560638428

2017-08-30 12:09:52,487 - [INFO] - from org.deeplearning4j.optimize.listeners.ScoreIterationListener in main
                
Score at iteration 129 is 0.6267540454864502

2017-08-30 12:09:54,469 - [INFO] - from org.deeplearning4j.optimize.listeners.ScoreIterationListener in main
                
Score at iteration 130 is 0.5999239683151245

2017-08-30 12:09:56,487 - [INFO] - from org.deeplearning4j.optimize.listeners.ScoreIterationListener in main
                
Score at iteration 131 is 0.6066644191741943

2017-08-30 12:09:58,720 - [INFO] - from org.deeplearning4j.optimize.listeners.ScoreIterationListener in main
                
Score at iteration 132 is 0.6116392612457275

2017-08-30 12:10:00,782 - [INFO] - from org.deeplearning4j.optimize.listeners.ScoreIterationListener in main
                
Score at iteration 133 is 0.6073890328407288

2017-08-30 12:10:02,688 - [INFO] - from org.deeplearning4j.optimize.listeners.ScoreIterationListener in main
                
Score at iteration 134 is 0.6290348768234253

2017-08-30 12:10:04,578 - [INFO] - from org.deeplearning4j.optimize.listeners.ScoreIterationListener in main
                
Score at iteration 135 is 0.597598671913147

2017-08-30 12:10:06,620 - [INFO] - from org.deeplearning4j.optimize.listeners.ScoreIterationListener in main
                
Score at iteration 136 is 0.5903935432434082

2017-08-30 12:10:08,437 - [INFO] - from org.deeplearning4j.optimize.listeners.ScoreIterationListener in main
                
Score at iteration 137 is 0.5925610661506653

2017-08-30 12:10:10,343 - [INFO] - from org.deeplearning4j.optimize.listeners.ScoreIterationListener in main
                
Score at iteration 138 is 0.6021941900253296

2017-08-30 12:10:12,271 - [INFO] - from org.deeplearning4j.optimize.listeners.ScoreIterationListener in main
                
Score at iteration 139 is 0.5972719192504883

2017-08-30 12:10:14,185 - [INFO] - from org.deeplearning4j.optimize.listeners.ScoreIterationListener in main
                
Score at iteration 140 is 0.6143405437469482

2017-08-30 12:10:16,362 - [INFO] - from org.deeplearning4j.optimize.listeners.ScoreIterationListener in main
                
Score at iteration 141 is 0.5879321098327637

2017-08-30 12:10:18,477 - [INFO] - from org.deeplearning4j.optimize.listeners.ScoreIterationListener in main
                
Score at iteration 142 is 0.5948121547698975

2017-08-30 12:10:20,468 - [INFO] - from org.deeplearning4j.optimize.listeners.ScoreIterationListener in main
                
Score at iteration 143 is 0.605101466178894

2017-08-30 12:10:22,522 - [INFO] - from org.deeplearning4j.optimize.listeners.ScoreIterationListener in main
                
Score at iteration 144 is 0.5760621428489685

2017-08-30 12:10:24,509 - [INFO] - from org.deeplearning4j.optimize.listeners.ScoreIterationListener in main
                
Score at iteration 145 is 0.5937966108322144

2017-08-30 12:10:26,272 - [INFO] - from org.deeplearning4j.optimize.listeners.ScoreIterationListener in main
                
Score at iteration 146 is 0.6137067079544067

2017-08-30 12:10:28,260 - [INFO] - from org.deeplearning4j.optimize.listeners.ScoreIterationListener in main
                
Score at iteration 147 is 0.5991774797439575

2017-08-30 12:10:30,638 - [INFO] - from org.deeplearning4j.optimize.listeners.ScoreIterationListener in main
                
Score at iteration 148 is 0.5685728788375854

2017-08-30 12:10:32,555 - [INFO] - from org.deeplearning4j.optimize.listeners.ScoreIterationListener in main
                
Score at iteration 149 is 0.6169586181640625

2017-08-30 12:10:34,589 - [INFO] - from org.deeplearning4j.optimize.listeners.ScoreIterationListener in main
                
Score at iteration 150 is 0.6000810861587524

2017-08-30 12:10:36,818 - [INFO] - from org.deeplearning4j.optimize.listeners.ScoreIterationListener in main
                
Score at iteration 151 is 0.5806335806846619

2017-08-30 12:10:38,760 - [INFO] - from org.deeplearning4j.optimize.listeners.ScoreIterationListener in main
                
Score at iteration 152 is 0.6067489981651306

2017-08-30 12:10:40,533 - [INFO] - from org.deeplearning4j.optimize.listeners.ScoreIterationListener in main
                
Score at iteration 153 is 0.6109198331832886

2017-08-30 12:10:42,601 - [INFO] - from org.deeplearning4j.optimize.listeners.ScoreIterationListener in main
                
Score at iteration 154 is 0.5666639804840088

2017-08-30 12:10:44,597 - [INFO] - from org.deeplearning4j.optimize.listeners.ScoreIterationListener in main
                
Score at iteration 155 is 0.5966942310333252

2017-08-30 12:10:46,686 - [INFO] - from org.deeplearning4j.optimize.listeners.ScoreIterationListener in main
                
Score at iteration 156 is 0.5813831686973572

2017-08-30 12:10:48,715 - [INFO] - from org.deeplearning4j.optimize.listeners.ScoreIterationListener in main
                
Score at iteration 157 is 0.5801787972450256

2017-08-30 12:10:50,564 - [INFO] - from org.deeplearning4j.optimize.listeners.ScoreIterationListener in main
                
Score at iteration 158 is 0.6073963642120361

2017-08-30 12:10:52,456 - [INFO] - from org.deeplearning4j.optimize.listeners.ScoreIterationListener in main
                
Score at iteration 159 is 0.5938365459442139

2017-08-30 12:10:54,294 - [INFO] - from org.deeplearning4j.optimize.listeners.ScoreIterationListener in main
                
Score at iteration 160 is 0.598089337348938

2017-08-30 12:10:56,238 - [INFO] - from org.deeplearning4j.optimize.listeners.ScoreIterationListener in main
                
Score at iteration 161 is 0.6010180115699768

2017-08-30 12:10:58,137 - [INFO] - from org.deeplearning4j.optimize.listeners.ScoreIterationListener in main
                
Score at iteration 162 is 0.5764087438583374

2017-08-30 12:10:58,435 - [INFO] - from org.deeplearning4j.datasets.iterator.MultipleEpochsIterator in ADSI prefetch thread
                
Epoch 2, number of batches completed 82

2017-08-30 12:10:58,555 - [INFO] - from org.deeplearning4j.optimize.listeners.ScoreIterationListener in main
                
Score at iteration 163 is 0.5893436670303345

2017-08-30 12:11:00,617 - [INFO] - from org.deeplearning4j.optimize.listeners.ScoreIterationListener in main
                
Score at iteration 164 is 0.5934865474700928

2017-08-30 12:11:02,642 - [INFO] - from org.deeplearning4j.optimize.listeners.ScoreIterationListener in main
                
Score at iteration 165 is 0.5907683372497559

2017-08-30 12:11:04,531 - [INFO] - from org.deeplearning4j.optimize.listeners.ScoreIterationListener in main
                
Score at iteration 166 is 0.5956828594207764

2017-08-30 12:11:06,531 - [INFO] - from org.deeplearning4j.optimize.listeners.ScoreIterationListener in main
                
Score at iteration 167 is 0.5788764953613281

2017-08-30 12:11:08,406 - [INFO] - from org.deeplearning4j.optimize.listeners.ScoreIterationListener in main
                
Score at iteration 168 is 0.5960537791252136

2017-08-30 12:11:10,344 - [INFO] - from org.deeplearning4j.optimize.listeners.ScoreIterationListener in main
                
Score at iteration 169 is 0.5714379549026489

2017-08-30 12:11:12,118 - [INFO] - from org.deeplearning4j.optimize.listeners.ScoreIterationListener in main
                
Score at iteration 170 is 0.5907304286956787

2017-08-30 12:11:14,137 - [INFO] - from org.deeplearning4j.optimize.listeners.ScoreIterationListener in main
                
Score at iteration 171 is 0.563301682472229

2017-08-30 12:11:16,171 - [INFO] - from org.deeplearning4j.optimize.listeners.ScoreIterationListener in main
                
Score at iteration 172 is 0.5938389301300049

2017-08-30 12:11:18,314 - [INFO] - from org.deeplearning4j.optimize.listeners.ScoreIterationListener in main
                
Score at iteration 173 is 0.5822676420211792

2017-08-30 12:11:20,212 - [INFO] - from org.deeplearning4j.optimize.listeners.ScoreIterationListener in main
                
Score at iteration 174 is 0.5923089981079102

2017-08-30 12:11:22,087 - [INFO] - from org.deeplearning4j.optimize.listeners.ScoreIterationListener in main
                
Score at iteration 175 is 0.588275671005249

2017-08-30 12:11:23,974 - [INFO] - from org.deeplearning4j.optimize.listeners.ScoreIterationListener in main
                
Score at iteration 176 is 0.5991208553314209

2017-08-30 12:11:25,743 - [INFO] - from org.deeplearning4j.optimize.listeners.ScoreIterationListener in main
                
Score at iteration 177 is 0.585895299911499

2017-08-30 12:11:27,685 - [INFO] - from org.deeplearning4j.optimize.listeners.ScoreIterationListener in main
                
Score at iteration 178 is 0.5793384909629822

2017-08-30 12:11:29,580 - [INFO] - from org.deeplearning4j.optimize.listeners.ScoreIterationListener in main
                
Score at iteration 179 is 0.577690839767456

2017-08-30 12:11:31,574 - [INFO] - from org.deeplearning4j.optimize.listeners.ScoreIterationListener in main
                
Score at iteration 180 is 0.5887243747711182

2017-08-30 12:11:33,620 - [INFO] - from org.deeplearning4j.optimize.listeners.ScoreIterationListener in main
                
Score at iteration 181 is 0.5665451884269714

2017-08-30 12:11:35,733 - [INFO] - from org.deeplearning4j.optimize.listeners.ScoreIterationListener in main
                
Score at iteration 182 is 0.5578134655952454

2017-08-30 12:11:37,637 - [INFO] - from org.deeplearning4j.optimize.listeners.ScoreIterationListener in main
                
Score at iteration 183 is 0.586388885974884

2017-08-30 12:11:39,652 - [INFO] - from org.deeplearning4j.optimize.listeners.ScoreIterationListener in main
                
Score at iteration 184 is 0.5786105394363403

2017-08-30 12:11:41,542 - [INFO] - from org.deeplearning4j.optimize.listeners.ScoreIterationListener in main
                
Score at iteration 185 is 0.5861591100692749

2017-08-30 12:11:43,441 - [INFO] - from org.deeplearning4j.optimize.listeners.ScoreIterationListener in main
                
Score at iteration 186 is 0.5974118113517761

2017-08-30 12:11:45,427 - [INFO] - from org.deeplearning4j.optimize.listeners.ScoreIterationListener in main
                
Score at iteration 187 is 0.5926350355148315

2017-08-30 12:11:47,327 - [INFO] - from org.deeplearning4j.optimize.listeners.ScoreIterationListener in main
                
Score at iteration 188 is 0.5797982215881348

2017-08-30 12:11:49,235 - [INFO] - from org.deeplearning4j.optimize.listeners.ScoreIterationListener in main
                
Score at iteration 189 is 0.5794967412948608

2017-08-30 12:11:51,221 - [INFO] - from org.deeplearning4j.optimize.listeners.ScoreIterationListener in main
                
Score at iteration 190 is 0.5867125391960144

2017-08-30 12:11:53,440 - [INFO] - from org.deeplearning4j.optimize.listeners.ScoreIterationListener in main
                
Score at iteration 191 is 0.5472224950790405

2017-08-30 12:11:55,327 - [INFO] - from org.deeplearning4j.optimize.listeners.ScoreIterationListener in main
                
Score at iteration 192 is 0.5585232973098755

2017-08-30 12:11:57,218 - [INFO] - from org.deeplearning4j.optimize.listeners.ScoreIterationListener in main
                
Score at iteration 193 is 0.5823078155517578

2017-08-30 12:11:59,153 - [INFO] - from org.deeplearning4j.optimize.listeners.ScoreIterationListener in main
                
Score at iteration 194 is 0.5782784223556519

2017-08-30 12:12:01,307 - [INFO] - from org.deeplearning4j.optimize.listeners.ScoreIterationListener in main
                
Score at iteration 195 is 0.568217396736145

2017-08-30 12:12:03,312 - [INFO] - from org.deeplearning4j.optimize.listeners.ScoreIterationListener in main
                
Score at iteration 196 is 0.5626941919326782

2017-08-30 12:12:05,447 - [INFO] - from org.deeplearning4j.optimize.listeners.ScoreIterationListener in main
                
Score at iteration 197 is 0.555866003036499

2017-08-30 12:12:07,390 - [INFO] - from org.deeplearning4j.optimize.listeners.ScoreIterationListener in main
                
Score at iteration 198 is 0.5694938898086548

2017-08-30 12:12:09,192 - [INFO] - from org.deeplearning4j.optimize.listeners.ScoreIterationListener in main
                
Score at iteration 199 is 0.5814366936683655

2017-08-30 12:12:11,364 - [INFO] - from org.deeplearning4j.optimize.listeners.ScoreIterationListener in main
                
Score at iteration 200 is 0.5554278492927551

2017-08-30 12:12:13,455 - [INFO] - from org.deeplearning4j.optimize.listeners.ScoreIterationListener in main
                
Score at iteration 201 is 0.5577771663665771

2017-08-30 12:12:15,354 - [INFO] - from org.deeplearning4j.optimize.listeners.ScoreIterationListener in main
                
Score at iteration 202 is 0.563498318195343

2017-08-30 12:12:17,233 - [INFO] - from org.deeplearning4j.optimize.listeners.ScoreIterationListener in main
                
Score at iteration 203 is 0.5731605291366577

2017-08-30 12:12:19,010 - [INFO] - from org.deeplearning4j.optimize.listeners.ScoreIterationListener in main
                
Score at iteration 204 is 0.5968801379203796

2017-08-30 12:12:20,916 - [INFO] - from org.deeplearning4j.optimize.listeners.ScoreIterationListener in main
                
Score at iteration 205 is 0.562252402305603

2017-08-30 12:12:23,069 - [INFO] - from org.deeplearning4j.optimize.listeners.ScoreIterationListener in main
                
Score at iteration 206 is 0.5592811107635498

2017-08-30 12:12:24,959 - [INFO] - from org.deeplearning4j.optimize.listeners.ScoreIterationListener in main
                
Score at iteration 207 is 0.5894972085952759

2017-08-30 12:12:27,047 - [INFO] - from org.deeplearning4j.optimize.listeners.ScoreIterationListener in main
                
Score at iteration 208 is 0.5544829368591309

2017-08-30 12:12:28,931 - [INFO] - from org.deeplearning4j.optimize.listeners.ScoreIterationListener in main
                
Score at iteration 209 is 0.5786004066467285

2017-08-30 12:12:30,801 - [INFO] - from org.deeplearning4j.optimize.listeners.ScoreIterationListener in main
                
Score at iteration 210 is 0.5846644639968872

2017-08-30 12:12:32,712 - [INFO] - from org.deeplearning4j.optimize.listeners.ScoreIterationListener in main
                
Score at iteration 211 is 0.5786383152008057

2017-08-30 12:12:34,620 - [INFO] - from org.deeplearning4j.optimize.listeners.ScoreIterationListener in main
                
Score at iteration 212 is 0.5683704614639282

2017-08-30 12:12:36,497 - [INFO] - from org.deeplearning4j.optimize.listeners.ScoreIterationListener in main
                
Score at iteration 213 is 0.5485103726387024

2017-08-30 12:12:38,154 - [INFO] - from org.deeplearning4j.optimize.listeners.ScoreIterationListener in main
                
Score at iteration 214 is 0.5919739007949829

2017-08-30 12:12:40,166 - [INFO] - from org.deeplearning4j.optimize.listeners.ScoreIterationListener in main
                
Score at iteration 215 is 0.5951167345046997

2017-08-30 12:12:42,171 - [INFO] - from org.deeplearning4j.optimize.listeners.ScoreIterationListener in main
                
Score at iteration 216 is 0.564612865447998

2017-08-30 12:12:43,949 - [INFO] - from org.deeplearning4j.optimize.listeners.ScoreIterationListener in main
                
Score at iteration 217 is 0.5739960670471191

2017-08-30 12:12:45,960 - [INFO] - from org.deeplearning4j.optimize.listeners.ScoreIterationListener in main
                
Score at iteration 218 is 0.5527875423431396

2017-08-30 12:12:47,804 - [INFO] - from org.deeplearning4j.optimize.listeners.ScoreIterationListener in main
                
Score at iteration 219 is 0.5661826729774475

2017-08-30 12:12:49,821 - [INFO] - from org.deeplearning4j.optimize.listeners.ScoreIterationListener in main
                
Score at iteration 220 is 0.5505837798118591

2017-08-30 12:12:51,938 - [INFO] - from org.deeplearning4j.optimize.listeners.ScoreIterationListener in main
                
Score at iteration 221 is 0.5542551279067993

2017-08-30 12:12:53,851 - [INFO] - from org.deeplearning4j.optimize.listeners.ScoreIterationListener in main
                
Score at iteration 222 is 0.5794373750686646

2017-08-30 12:12:55,878 - [INFO] - from org.deeplearning4j.optimize.listeners.ScoreIterationListener in main
                
Score at iteration 223 is 0.5610170960426331

2017-08-30 12:12:57,813 - [INFO] - from org.deeplearning4j.optimize.listeners.ScoreIterationListener in main
                
Score at iteration 224 is 0.5536150932312012

2017-08-30 12:12:59,680 - [INFO] - from org.deeplearning4j.optimize.listeners.ScoreIterationListener in main
                
Score at iteration 225 is 0.5738567113876343

2017-08-30 12:13:01,843 - [INFO] - from org.deeplearning4j.optimize.listeners.ScoreIterationListener in main
                
Score at iteration 226 is 0.553975522518158

2017-08-30 12:13:03,693 - [INFO] - from org.deeplearning4j.optimize.listeners.ScoreIterationListener in main
                
Score at iteration 227 is 0.5504055023193359

2017-08-30 12:13:05,860 - [INFO] - from org.deeplearning4j.optimize.listeners.ScoreIterationListener in main
                
Score at iteration 228 is 0.5645239353179932

2017-08-30 12:13:07,636 - [INFO] - from org.deeplearning4j.optimize.listeners.ScoreIterationListener in main
                
Score at iteration 229 is 0.5612942576408386

2017-08-30 12:13:09,460 - [INFO] - from org.deeplearning4j.optimize.listeners.ScoreIterationListener in main
                
Score at iteration 230 is 0.5702835917472839

2017-08-30 12:13:11,513 - [INFO] - from org.deeplearning4j.optimize.listeners.ScoreIterationListener in main
                
Score at iteration 231 is 0.5334748029708862

2017-08-30 12:13:13,480 - [INFO] - from org.deeplearning4j.optimize.listeners.ScoreIterationListener in main
                
Score at iteration 232 is 0.5494564771652222

2017-08-30 12:13:15,538 - [INFO] - from org.deeplearning4j.optimize.listeners.ScoreIterationListener in main
                
Score at iteration 233 is 0.5764909982681274

2017-08-30 12:13:17,560 - [INFO] - from org.deeplearning4j.optimize.listeners.ScoreIterationListener in main
                
Score at iteration 234 is 0.5415815711021423

2017-08-30 12:13:19,468 - [INFO] - from org.deeplearning4j.optimize.listeners.ScoreIterationListener in main
                
Score at iteration 235 is 0.5323752164840698

2017-08-30 12:13:21,473 - [INFO] - from org.deeplearning4j.optimize.listeners.ScoreIterationListener in main
                
Score at iteration 236 is 0.5406647324562073

2017-08-30 12:13:23,440 - [INFO] - from org.deeplearning4j.optimize.listeners.ScoreIterationListener in main
                
Score at iteration 237 is 0.5438389182090759

2017-08-30 12:13:25,472 - [INFO] - from org.deeplearning4j.optimize.listeners.ScoreIterationListener in main
                
Score at iteration 238 is 0.5595355033874512

2017-08-30 12:13:27,313 - [INFO] - from org.deeplearning4j.optimize.listeners.ScoreIterationListener in main
                
Score at iteration 239 is 0.588954508304596

2017-08-30 12:13:29,319 - [INFO] - from org.deeplearning4j.optimize.listeners.ScoreIterationListener in main
                
Score at iteration 240 is 0.5690850019454956

2017-08-30 12:13:31,305 - [INFO] - from org.deeplearning4j.optimize.listeners.ScoreIterationListener in main
                
Score at iteration 241 is 0.571759819984436

2017-08-30 12:13:33,329 - [INFO] - from org.deeplearning4j.optimize.listeners.ScoreIterationListener in main
                
Score at iteration 242 is 0.5307600498199463

2017-08-30 12:13:35,269 - [INFO] - from org.deeplearning4j.optimize.listeners.ScoreIterationListener in main
                
Score at iteration 243 is 0.5768538117408752

2017-08-30 12:13:36,956 - [INFO] - from org.deeplearning4j.optimize.listeners.ScoreIterationListener in main
                
Score at iteration 244 is 0.5854284763336182

2017-08-30 12:13:37,322 - [INFO] - from org.deeplearning4j.datasets.iterator.MultipleEpochsIterator in ADSI prefetch thread
                
Epoch 3, number of batches completed 82

2017-08-30 12:13:37,445 - [INFO] - from org.deeplearning4j.optimize.listeners.ScoreIterationListener in main
                
Score at iteration 245 is 0.5225037336349487

2017-08-30 12:13:39,481 - [INFO] - from org.deeplearning4j.optimize.listeners.ScoreIterationListener in main
                
Score at iteration 246 is 0.5628576278686523

2017-08-30 12:13:41,313 - [INFO] - from org.deeplearning4j.optimize.listeners.ScoreIterationListener in main
                
Score at iteration 247 is 0.5706314444541931

2017-08-30 12:13:43,222 - [INFO] - from org.deeplearning4j.optimize.listeners.ScoreIterationListener in main
                
Score at iteration 248 is 0.5487250685691833

2017-08-30 12:13:45,233 - [INFO] - from org.deeplearning4j.optimize.listeners.ScoreIterationListener in main
                
Score at iteration 249 is 0.5563676357269287

2017-08-30 12:13:47,244 - [INFO] - from org.deeplearning4j.optimize.listeners.ScoreIterationListener in main
                
Score at iteration 250 is 0.5532492995262146

2017-08-30 12:13:49,124 - [INFO] - from org.deeplearning4j.optimize.listeners.ScoreIterationListener in main
                
Score at iteration 251 is 0.5464553833007812

2017-08-30 12:13:51,158 - [INFO] - from org.deeplearning4j.optimize.listeners.ScoreIterationListener in main
                
Score at iteration 252 is 0.5411804914474487

2017-08-30 12:13:52,946 - [INFO] - from org.deeplearning4j.optimize.listeners.ScoreIterationListener in main
                
Score at iteration 253 is 0.5627538561820984

2017-08-30 12:13:55,012 - [INFO] - from org.deeplearning4j.optimize.listeners.ScoreIterationListener in main
                
Score at iteration 254 is 0.5421040058135986

2017-08-30 12:13:56,955 - [INFO] - from org.deeplearning4j.optimize.listeners.ScoreIterationListener in main
                
Score at iteration 255 is 0.5437263250350952

2017-08-30 12:13:59,130 - [INFO] - from org.deeplearning4j.optimize.listeners.ScoreIterationListener in main
                
Score at iteration 256 is 0.5477112531661987

2017-08-30 12:14:01,287 - [INFO] - from org.deeplearning4j.optimize.listeners.ScoreIterationListener in main
                
Score at iteration 257 is 0.5173168778419495

2017-08-30 12:14:03,121 - [INFO] - from org.deeplearning4j.optimize.listeners.ScoreIterationListener in main
                
Score at iteration 258 is 0.5576722025871277

2017-08-30 12:14:05,148 - [INFO] - from org.deeplearning4j.optimize.listeners.ScoreIterationListener in main
                
Score at iteration 259 is 0.5295325517654419

2017-08-30 12:14:07,099 - [INFO] - from org.deeplearning4j.optimize.listeners.ScoreIterationListener in main
                
Score at iteration 260 is 0.5423921942710876

2017-08-30 12:14:09,054 - [INFO] - from org.deeplearning4j.optimize.listeners.ScoreIterationListener in main
                
Score at iteration 261 is 0.5539973974227905

2017-08-30 12:14:10,895 - [INFO] - from org.deeplearning4j.optimize.listeners.ScoreIterationListener in main
                
Score at iteration 262 is 0.5410023927688599

2017-08-30 12:14:12,963 - [INFO] - from org.deeplearning4j.optimize.listeners.ScoreIterationListener in main
                
Score at iteration 263 is 0.53664630651474

2017-08-30 12:14:14,800 - [INFO] - from org.deeplearning4j.optimize.listeners.ScoreIterationListener in main
                
Score at iteration 264 is 0.5783421993255615

2017-08-30 12:14:16,830 - [INFO] - from org.deeplearning4j.optimize.listeners.ScoreIterationListener in main
                
Score at iteration 265 is 0.5538282990455627

2017-08-30 12:14:18,988 - [INFO] - from org.deeplearning4j.optimize.listeners.ScoreIterationListener in main
                
Score at iteration 266 is 0.5497488975524902

2017-08-30 12:14:20,898 - [INFO] - from org.deeplearning4j.optimize.listeners.ScoreIterationListener in main
                
Score at iteration 267 is 0.5471740961074829

2017-08-30 12:14:22,982 - [INFO] - from org.deeplearning4j.optimize.listeners.ScoreIterationListener in main
                
Score at iteration 268 is 0.5314360857009888

2017-08-30 12:14:24,681 - [INFO] - from org.deeplearning4j.optimize.listeners.ScoreIterationListener in main
                
Score at iteration 269 is 0.5391339063644409

2017-08-30 12:14:26,662 - [INFO] - from org.deeplearning4j.optimize.listeners.ScoreIterationListener in main
                
Score at iteration 270 is 0.5573794841766357

2017-08-30 12:14:28,540 - [INFO] - from org.deeplearning4j.optimize.listeners.ScoreIterationListener in main
                
Score at iteration 271 is 0.5736371874809265

2017-08-30 12:14:30,463 - [INFO] - from org.deeplearning4j.optimize.listeners.ScoreIterationListener in main
                
Score at iteration 272 is 0.5235732197761536

2017-08-30 12:14:32,356 - [INFO] - from org.deeplearning4j.optimize.listeners.ScoreIterationListener in main
                
Score at iteration 273 is 0.5394635796546936

2017-08-30 12:14:34,379 - [INFO] - from org.deeplearning4j.optimize.listeners.ScoreIterationListener in main
                
Score at iteration 274 is 0.5278929471969604

2017-08-30 12:14:36,064 - [INFO] - from org.deeplearning4j.optimize.listeners.ScoreIterationListener in main
                
Score at iteration 275 is 0.5622332096099854

2017-08-30 12:14:38,221 - [INFO] - from org.deeplearning4j.optimize.listeners.ScoreIterationListener in main
                
Score at iteration 276 is 0.5355411767959595

2017-08-30 12:14:40,260 - [INFO] - from org.deeplearning4j.optimize.listeners.ScoreIterationListener in main
                
Score at iteration 277 is 0.5752749443054199

2017-08-30 12:14:42,052 - [INFO] - from org.deeplearning4j.optimize.listeners.ScoreIterationListener in main
                
Score at iteration 278 is 0.5517409443855286

2017-08-30 12:14:44,078 - [INFO] - from org.deeplearning4j.optimize.listeners.ScoreIterationListener in main
                
Score at iteration 279 is 0.5279366374015808

2017-08-30 12:14:46,038 - [INFO] - from org.deeplearning4j.optimize.listeners.ScoreIterationListener in main
                
Score at iteration 280 is 0.5629425644874573

2017-08-30 12:14:48,309 - [INFO] - from org.deeplearning4j.optimize.listeners.ScoreIterationListener in main
                
Score at iteration 281 is 0.4940057098865509

2017-08-30 12:14:50,257 - [INFO] - from org.deeplearning4j.optimize.listeners.ScoreIterationListener in main
                
Score at iteration 282 is 0.5481170415878296

2017-08-30 12:14:52,380 - [INFO] - from org.deeplearning4j.optimize.listeners.ScoreIterationListener in main
                
Score at iteration 283 is 0.5192119479179382

2017-08-30 12:14:54,317 - [INFO] - from org.deeplearning4j.optimize.listeners.ScoreIterationListener in main
                
Score at iteration 284 is 0.541716456413269

2017-08-30 12:14:56,432 - [INFO] - from org.deeplearning4j.optimize.listeners.ScoreIterationListener in main
                
Score at iteration 285 is 0.5316182971000671

2017-08-30 12:14:58,329 - [INFO] - from org.deeplearning4j.optimize.listeners.ScoreIterationListener in main
                
Score at iteration 286 is 0.528910219669342

2017-08-30 12:15:00,357 - [INFO] - from org.deeplearning4j.optimize.listeners.ScoreIterationListener in main
                
Score at iteration 287 is 0.5062978863716125

2017-08-30 12:15:02,366 - [INFO] - from org.deeplearning4j.optimize.listeners.ScoreIterationListener in main
                
Score at iteration 288 is 0.5452932119369507

2017-08-30 12:15:04,553 - [INFO] - from org.deeplearning4j.optimize.listeners.ScoreIterationListener in main
                
Score at iteration 289 is 0.4961070120334625

2017-08-30 12:15:06,541 - [INFO] - from org.deeplearning4j.optimize.listeners.ScoreIterationListener in main
                
Score at iteration 290 is 0.5397899746894836

2017-08-30 12:15:08,514 - [INFO] - from org.deeplearning4j.optimize.listeners.ScoreIterationListener in main
                
Score at iteration 291 is 0.568283200263977

2017-08-30 12:15:10,621 - [INFO] - from org.deeplearning4j.optimize.listeners.ScoreIterationListener in main
                
Score at iteration 292 is 0.4873119592666626

2017-08-30 12:15:12,685 - [INFO] - from org.deeplearning4j.optimize.listeners.ScoreIterationListener in main
                
Score at iteration 293 is 0.5463687181472778

2017-08-30 12:15:14,692 - [INFO] - from org.deeplearning4j.optimize.listeners.ScoreIterationListener in main
                
Score at iteration 294 is 0.51080721616745

2017-08-30 12:15:16,740 - [INFO] - from org.deeplearning4j.optimize.listeners.ScoreIterationListener in main
                
Score at iteration 295 is 0.5236985087394714

2017-08-30 12:15:18,379 - [INFO] - from org.deeplearning4j.optimize.listeners.ScoreIterationListener in main
                
Score at iteration 296 is 0.5937061309814453

2017-08-30 12:15:20,323 - [INFO] - from org.deeplearning4j.optimize.listeners.ScoreIterationListener in main
                
Score at iteration 297 is 0.5407005548477173

2017-08-30 12:15:22,278 - [INFO] - from org.deeplearning4j.optimize.listeners.ScoreIterationListener in main
                
Score at iteration 298 is 0.5462510585784912

2017-08-30 12:15:24,034 - [INFO] - from org.deeplearning4j.optimize.listeners.ScoreIterationListener in main
                
Score at iteration 299 is 0.5565947890281677

2017-08-30 12:15:26,070 - [INFO] - from org.deeplearning4j.optimize.listeners.ScoreIterationListener in main
                
Score at iteration 300 is 0.5351131558418274

2017-08-30 12:15:28,095 - [INFO] - from org.deeplearning4j.optimize.listeners.ScoreIterationListener in main
                
Score at iteration 301 is 0.5211315155029297

2017-08-30 12:15:30,034 - [INFO] - from org.deeplearning4j.optimize.listeners.ScoreIterationListener in main
                
Score at iteration 302 is 0.5039406418800354

2017-08-30 12:15:31,948 - [INFO] - from org.deeplearning4j.optimize.listeners.ScoreIterationListener in main
                
Score at iteration 303 is 0.5439298152923584

2017-08-30 12:15:33,920 - [INFO] - from org.deeplearning4j.optimize.listeners.ScoreIterationListener in main
                
Score at iteration 304 is 0.5562090873718262

2017-08-30 12:15:35,718 - [INFO] - from org.deeplearning4j.optimize.listeners.ScoreIterationListener in main
                
Score at iteration 305 is 0.5170309543609619

2017-08-30 12:15:37,886 - [INFO] - from org.deeplearning4j.optimize.listeners.ScoreIterationListener in main
                
Score at iteration 306 is 0.5027315616607666

2017-08-30 12:15:39,944 - [INFO] - from org.deeplearning4j.optimize.listeners.ScoreIterationListener in main
                
Score at iteration 307 is 0.49289074540138245

2017-08-30 12:15:41,819 - [INFO] - from org.deeplearning4j.optimize.listeners.ScoreIterationListener in main
                
Score at iteration 308 is 0.5433177947998047

2017-08-30 12:15:43,646 - [INFO] - from org.deeplearning4j.optimize.listeners.ScoreIterationListener in main
                
Score at iteration 309 is 0.513418972492218

2017-08-30 12:15:45,658 - [INFO] - from org.deeplearning4j.optimize.listeners.ScoreIterationListener in main
                
Score at iteration 310 is 0.5112295150756836

2017-08-30 12:15:47,677 - [INFO] - from org.deeplearning4j.optimize.listeners.ScoreIterationListener in main
                
Score at iteration 311 is 0.5026097893714905

2017-08-30 12:15:49,486 - [INFO] - from org.deeplearning4j.optimize.listeners.ScoreIterationListener in main
                
Score at iteration 312 is 0.5130637884140015

2017-08-30 12:15:51,410 - [INFO] - from org.deeplearning4j.optimize.listeners.ScoreIterationListener in main
                
Score at iteration 313 is 0.5049551725387573

2017-08-30 12:15:53,436 - [INFO] - from org.deeplearning4j.optimize.listeners.ScoreIterationListener in main
                
Score at iteration 314 is 0.5289996862411499

2017-08-30 12:15:55,353 - [INFO] - from org.deeplearning4j.optimize.listeners.ScoreIterationListener in main
                
Score at iteration 315 is 0.48527324199676514

2017-08-30 12:15:57,416 - [INFO] - from org.deeplearning4j.optimize.listeners.ScoreIterationListener in main
                
Score at iteration 316 is 0.5017897486686707

2017-08-30 12:15:59,390 - [INFO] - from org.deeplearning4j.optimize.listeners.ScoreIterationListener in main
                
Score at iteration 317 is 0.518799901008606

2017-08-30 12:16:01,199 - [INFO] - from org.deeplearning4j.optimize.listeners.ScoreIterationListener in main
                
Score at iteration 318 is 0.5107704997062683

2017-08-30 12:16:03,311 - [INFO] - from org.deeplearning4j.optimize.listeners.ScoreIterationListener in main
                
Score at iteration 319 is 0.5009468793869019

2017-08-30 12:16:05,257 - [INFO] - from org.deeplearning4j.optimize.listeners.ScoreIterationListener in main
                
Score at iteration 320 is 0.5002689361572266

2017-08-30 12:16:07,382 - [INFO] - from org.deeplearning4j.optimize.listeners.ScoreIterationListener in main
                
Score at iteration 321 is 0.5205932855606079

2017-08-30 12:16:09,457 - [INFO] - from org.deeplearning4j.optimize.listeners.ScoreIterationListener in main
                
Score at iteration 322 is 0.4779509902000427

2017-08-30 12:16:11,376 - [INFO] - from org.deeplearning4j.optimize.listeners.ScoreIterationListener in main
                
Score at iteration 323 is 0.505273699760437

2017-08-30 12:16:13,200 - [INFO] - from org.deeplearning4j.optimize.listeners.ScoreIterationListener in main
                
Score at iteration 324 is 0.534583330154419

2017-08-30 12:16:15,345 - [INFO] - from org.deeplearning4j.optimize.listeners.ScoreIterationListener in main
                
Score at iteration 325 is 0.4545326828956604

2017-08-30 12:16:17,271 - [INFO] - from org.deeplearning4j.optimize.listeners.ScoreIterationListener in main
                
Score at iteration 326 is 0.48579540848731995

2017-08-30 12:16:17,680 - [INFO] - from org.deeplearning4j.datasets.iterator.MultipleEpochsIterator in ADSI prefetch thread
                
Epoch 4, number of batches completed 82

2017-08-30 12:16:17,804 - [INFO] - from org.deeplearning4j.optimize.listeners.ScoreIterationListener in main
                
Score at iteration 327 is 0.5702323317527771

2017-08-30 12:16:19,727 - [INFO] - from org.deeplearning4j.optimize.listeners.ScoreIterationListener in main
                
Score at iteration 328 is 0.5098294019699097

2017-08-30 12:16:21,773 - [INFO] - from org.deeplearning4j.optimize.listeners.ScoreIterationListener in main
                
Score at iteration 329 is 0.5327258110046387

2017-08-30 12:16:23,724 - [INFO] - from org.deeplearning4j.optimize.listeners.ScoreIterationListener in main
                
Score at iteration 330 is 0.48951563239097595

2017-08-30 12:16:25,791 - [INFO] - from org.deeplearning4j.optimize.listeners.ScoreIterationListener in main
                
Score at iteration 331 is 0.5342425107955933

2017-08-30 12:16:27,751 - [INFO] - from org.deeplearning4j.optimize.listeners.ScoreIterationListener in main
                
Score at iteration 332 is 0.4801785349845886

2017-08-30 12:16:29,699 - [INFO] - from org.deeplearning4j.optimize.listeners.ScoreIterationListener in main
                
Score at iteration 333 is 0.5089600682258606

2017-08-30 12:16:31,516 - [INFO] - from org.deeplearning4j.optimize.listeners.ScoreIterationListener in main
                
Score at iteration 334 is 0.5254765152931213

2017-08-30 12:16:33,441 - [INFO] - from org.deeplearning4j.optimize.listeners.ScoreIterationListener in main
                
Score at iteration 335 is 0.5140037536621094

2017-08-30 12:16:35,353 - [INFO] - from org.deeplearning4j.optimize.listeners.ScoreIterationListener in main
                
Score at iteration 336 is 0.525840163230896

2017-08-30 12:16:37,281 - [INFO] - from org.deeplearning4j.optimize.listeners.ScoreIterationListener in main
                
Score at iteration 337 is 0.5512291193008423

2017-08-30 12:16:39,468 - [INFO] - from org.deeplearning4j.optimize.listeners.ScoreIterationListener in main
                
Score at iteration 338 is 0.47905224561691284

2017-08-30 12:16:41,556 - [INFO] - from org.deeplearning4j.optimize.listeners.ScoreIterationListener in main
                
Score at iteration 339 is 0.525499701499939

2017-08-30 12:16:43,604 - [INFO] - from org.deeplearning4j.optimize.listeners.ScoreIterationListener in main
                
Score at iteration 340 is 0.5118169188499451

2017-08-30 12:16:45,496 - [INFO] - from org.deeplearning4j.optimize.listeners.ScoreIterationListener in main
                
Score at iteration 341 is 0.5255056619644165

2017-08-30 12:16:47,695 - [INFO] - from org.deeplearning4j.optimize.listeners.ScoreIterationListener in main
                
Score at iteration 342 is 0.4770352244377136

2017-08-30 12:16:49,793 - [INFO] - from org.deeplearning4j.optimize.listeners.ScoreIterationListener in main
                
Score at iteration 343 is 0.5291617512702942

2017-08-30 12:16:52,014 - [INFO] - from org.deeplearning4j.optimize.listeners.ScoreIterationListener in main
                
Score at iteration 344 is 0.48288771510124207

2017-08-30 12:16:53,870 - [INFO] - from org.deeplearning4j.optimize.listeners.ScoreIterationListener in main
                
Score at iteration 345 is 0.542832612991333

2017-08-30 12:16:55,831 - [INFO] - from org.deeplearning4j.optimize.listeners.ScoreIterationListener in main
                
Score at iteration 346 is 0.5159519910812378

2017-08-30 12:16:57,742 - [INFO] - from org.deeplearning4j.optimize.listeners.ScoreIterationListener in main
                
Score at iteration 347 is 0.48894888162612915

2017-08-30 12:16:59,558 - [INFO] - from org.deeplearning4j.optimize.listeners.ScoreIterationListener in main
                
Score at iteration 348 is 0.5298740267753601

2017-08-30 12:17:01,424 - [INFO] - from org.deeplearning4j.optimize.listeners.ScoreIterationListener in main
                
Score at iteration 349 is 0.5087549686431885

2017-08-30 12:17:03,326 - [INFO] - from org.deeplearning4j.optimize.listeners.ScoreIterationListener in main
                
Score at iteration 350 is 0.5092135667800903

2017-08-30 12:17:05,268 - [INFO] - from org.deeplearning4j.optimize.listeners.ScoreIterationListener in main
                
Score at iteration 351 is 0.505798876285553

2017-08-30 12:17:07,348 - [INFO] - from org.deeplearning4j.optimize.listeners.ScoreIterationListener in main
                
Score at iteration 352 is 0.4900631308555603

2017-08-30 12:17:09,331 - [INFO] - from org.deeplearning4j.optimize.listeners.ScoreIterationListener in main
                
Score at iteration 353 is 0.47656404972076416

2017-08-30 12:17:11,320 - [INFO] - from org.deeplearning4j.optimize.listeners.ScoreIterationListener in main
                
Score at iteration 354 is 0.5207658410072327

2017-08-30 12:17:13,273 - [INFO] - from org.deeplearning4j.optimize.listeners.ScoreIterationListener in main
                
Score at iteration 355 is 0.48031631112098694

2017-08-30 12:17:15,455 - [INFO] - from org.deeplearning4j.optimize.listeners.ScoreIterationListener in main
                
Score at iteration 356 is 0.4794522523880005

2017-08-30 12:17:17,317 - [INFO] - from org.deeplearning4j.optimize.listeners.ScoreIterationListener in main
                
Score at iteration 357 is 0.5093123316764832

2017-08-30 12:17:19,186 - [INFO] - from org.deeplearning4j.optimize.listeners.ScoreIterationListener in main
                
Score at iteration 358 is 0.4858308434486389

2017-08-30 12:17:21,157 - [INFO] - from org.deeplearning4j.optimize.listeners.ScoreIterationListener in main
                
Score at iteration 359 is 0.48483705520629883

2017-08-30 12:17:22,974 - [INFO] - from org.deeplearning4j.optimize.listeners.ScoreIterationListener in main
                
Score at iteration 360 is 0.5000500082969666

2017-08-30 12:17:24,865 - [INFO] - from org.deeplearning4j.optimize.listeners.ScoreIterationListener in main
                
Score at iteration 361 is 0.4933156669139862

2017-08-30 12:17:26,830 - [INFO] - from org.deeplearning4j.optimize.listeners.ScoreIterationListener in main
                
Score at iteration 362 is 0.4641634225845337

2017-08-30 12:17:28,746 - [INFO] - from org.deeplearning4j.optimize.listeners.ScoreIterationListener in main
                
Score at iteration 363 is 0.49765944480895996

2017-08-30 12:17:30,539 - [INFO] - from org.deeplearning4j.optimize.listeners.ScoreIterationListener in main
                
Score at iteration 364 is 0.5238450765609741

2017-08-30 12:17:32,725 - [INFO] - from org.deeplearning4j.optimize.listeners.ScoreIterationListener in main
                
Score at iteration 365 is 0.46883824467658997

2017-08-30 12:17:34,527 - [INFO] - from org.deeplearning4j.optimize.listeners.ScoreIterationListener in main
                
Score at iteration 366 is 0.5173914432525635

2017-08-30 12:17:36,659 - [INFO] - from org.deeplearning4j.optimize.listeners.ScoreIterationListener in main
                
Score at iteration 367 is 0.46312472224235535

2017-08-30 12:17:38,605 - [INFO] - from org.deeplearning4j.optimize.listeners.ScoreIterationListener in main
                
Score at iteration 368 is 0.46705830097198486

2017-08-30 12:17:40,449 - [INFO] - from org.deeplearning4j.optimize.listeners.ScoreIterationListener in main
                
Score at iteration 369 is 0.48985058069229126

2017-08-30 12:17:42,515 - [INFO] - from org.deeplearning4j.optimize.listeners.ScoreIterationListener in main
                
Score at iteration 370 is 0.4836145043373108

2017-08-30 12:17:44,519 - [INFO] - from org.deeplearning4j.optimize.listeners.ScoreIterationListener in main
                
Score at iteration 371 is 0.47129368782043457

2017-08-30 12:17:46,587 - [INFO] - from org.deeplearning4j.optimize.listeners.ScoreIterationListener in main
                
Score at iteration 372 is 0.48065608739852905

2017-08-30 12:17:48,591 - [INFO] - from org.deeplearning4j.optimize.listeners.ScoreIterationListener in main
                
Score at iteration 373 is 0.4743378758430481

2017-08-30 12:17:50,532 - [INFO] - from org.deeplearning4j.optimize.listeners.ScoreIterationListener in main
                
Score at iteration 374 is 0.48117178678512573

2017-08-30 12:17:52,249 - [INFO] - from org.deeplearning4j.optimize.listeners.ScoreIterationListener in main
                
Score at iteration 375 is 0.5116317868232727

2017-08-30 12:17:54,195 - [INFO] - from org.deeplearning4j.optimize.listeners.ScoreIterationListener in main
                
Score at iteration 376 is 0.470758855342865

2017-08-30 12:17:56,306 - [INFO] - from org.deeplearning4j.optimize.listeners.ScoreIterationListener in main
                
Score at iteration 377 is 0.4600944221019745

2017-08-30 12:17:58,296 - [INFO] - from org.deeplearning4j.optimize.listeners.ScoreIterationListener in main
                
Score at iteration 378 is 0.4765660762786865

2017-08-30 12:18:00,368 - [INFO] - from org.deeplearning4j.optimize.listeners.ScoreIterationListener in main
                
Score at iteration 379 is 0.4941246807575226

2017-08-30 12:18:02,293 - [INFO] - from org.deeplearning4j.optimize.listeners.ScoreIterationListener in main
                
Score at iteration 380 is 0.4598352313041687

2017-08-30 12:18:04,052 - [INFO] - from org.deeplearning4j.optimize.listeners.ScoreIterationListener in main
                
Score at iteration 381 is 0.5028908848762512

2017-08-30 12:18:06,096 - [INFO] - from org.deeplearning4j.optimize.listeners.ScoreIterationListener in main
                
Score at iteration 382 is 0.512087881565094

2017-08-30 12:18:08,134 - [INFO] - from org.deeplearning4j.optimize.listeners.ScoreIterationListener in main
                
Score at iteration 383 is 0.44693678617477417

2017-08-30 12:18:10,114 - [INFO] - from org.deeplearning4j.optimize.listeners.ScoreIterationListener in main
                
Score at iteration 384 is 0.5334179401397705

2017-08-30 12:18:12,124 - [INFO] - from org.deeplearning4j.optimize.listeners.ScoreIterationListener in main
                
Score at iteration 385 is 0.48498743772506714

2017-08-30 12:18:14,022 - [INFO] - from org.deeplearning4j.optimize.listeners.ScoreIterationListener in main
                
Score at iteration 386 is 0.46616074442863464

2017-08-30 12:18:16,067 - [INFO] - from org.deeplearning4j.optimize.listeners.ScoreIterationListener in main
                
Score at iteration 387 is 0.44674885272979736

2017-08-30 12:18:17,958 - [INFO] - from org.deeplearning4j.optimize.listeners.ScoreIterationListener in main
                
Score at iteration 388 is 0.4491148591041565

2017-08-30 12:18:19,890 - [INFO] - from org.deeplearning4j.optimize.listeners.ScoreIterationListener in main
                
Score at iteration 389 is 0.5196926593780518

2017-08-30 12:18:21,683 - [INFO] - from org.deeplearning4j.optimize.listeners.ScoreIterationListener in main
                
Score at iteration 390 is 0.521513819694519

2017-08-30 12:18:23,694 - [INFO] - from org.deeplearning4j.optimize.listeners.ScoreIterationListener in main
                
Score at iteration 391 is 0.504591166973114

2017-08-30 12:18:25,832 - [INFO] - from org.deeplearning4j.optimize.listeners.ScoreIterationListener in main
                
Score at iteration 392 is 0.4675092101097107

2017-08-30 12:18:27,865 - [INFO] - from org.deeplearning4j.optimize.listeners.ScoreIterationListener in main
                
Score at iteration 393 is 0.42708316445350647

2017-08-30 12:18:29,988 - [INFO] - from org.deeplearning4j.optimize.listeners.ScoreIterationListener in main
                
Score at iteration 394 is 0.45045629143714905

2017-08-30 12:18:32,094 - [INFO] - from org.deeplearning4j.optimize.listeners.ScoreIterationListener in main
                
Score at iteration 395 is 0.46658197045326233

2017-08-30 12:18:33,989 - [INFO] - from org.deeplearning4j.optimize.listeners.ScoreIterationListener in main
                
Score at iteration 396 is 0.4626706838607788

2017-08-30 12:18:36,002 - [INFO] - from org.deeplearning4j.optimize.listeners.ScoreIterationListener in main
                
Score at iteration 397 is 0.5317459106445312

2017-08-30 12:18:38,132 - [INFO] - from org.deeplearning4j.optimize.listeners.ScoreIterationListener in main
                
Score at iteration 398 is 0.45657432079315186

2017-08-30 12:18:40,075 - [INFO] - from org.deeplearning4j.optimize.listeners.ScoreIterationListener in main
                
Score at iteration 399 is 0.48483797907829285

2017-08-30 12:18:42,138 - [INFO] - from org.deeplearning4j.optimize.listeners.ScoreIterationListener in main
                
Score at iteration 400 is 0.4563085436820984

2017-08-30 12:18:43,898 - [INFO] - from org.deeplearning4j.optimize.listeners.ScoreIterationListener in main
                
Score at iteration 401 is 0.505046010017395

2017-08-30 12:18:45,932 - [INFO] - from org.deeplearning4j.optimize.listeners.ScoreIterationListener in main
                
Score at iteration 402 is 0.4415103793144226

2017-08-30 12:18:47,949 - [INFO] - from org.deeplearning4j.optimize.listeners.ScoreIterationListener in main
                
Score at iteration 403 is 0.5073455572128296

2017-08-30 12:18:49,974 - [INFO] - from org.deeplearning4j.optimize.listeners.ScoreIterationListener in main
                
Score at iteration 404 is 0.4406740069389343

2017-08-30 12:18:51,965 - [INFO] - from org.deeplearning4j.optimize.listeners.ScoreIterationListener in main
                
Score at iteration 405 is 0.5316194295883179

2017-08-30 12:18:53,840 - [INFO] - from org.deeplearning4j.optimize.listeners.ScoreIterationListener in main
                
Score at iteration 406 is 0.4611719846725464

2017-08-30 12:18:55,928 - [INFO] - from org.deeplearning4j.optimize.listeners.ScoreIterationListener in main
                
Score at iteration 407 is 0.4666944742202759

2017-08-30 12:18:57,767 - [INFO] - from org.deeplearning4j.optimize.listeners.ScoreIterationListener in main
                
Score at iteration 408 is 0.48204270005226135

2017-08-30 12:18:57,951 - [INFO] - from org.deeplearning4j.datasets.iterator.MultipleEpochsIterator in ADSI prefetch thread
                
Epoch 5, number of batches completed 82

2017-08-30 12:18:58,072 - [INFO] - from org.deeplearning4j.optimize.listeners.ScoreIterationListener in main
                
Score at iteration 409 is 0.4078221321105957

2017-08-30 12:19:00,172 - [INFO] - from org.deeplearning4j.optimize.listeners.ScoreIterationListener in main
                
Score at iteration 410 is 0.48257485032081604

2017-08-30 12:19:02,098 - [INFO] - from org.deeplearning4j.optimize.listeners.ScoreIterationListener in main
                
Score at iteration 411 is 0.4862240254878998

2017-08-30 12:19:04,124 - [INFO] - from org.deeplearning4j.optimize.listeners.ScoreIterationListener in main
                
Score at iteration 412 is 0.46744123101234436

2017-08-30 12:19:06,126 - [INFO] - from org.deeplearning4j.optimize.listeners.ScoreIterationListener in main
                
Score at iteration 413 is 0.46475639939308167

2017-08-30 12:19:08,131 - [INFO] - from org.deeplearning4j.optimize.listeners.ScoreIterationListener in main
                
Score at iteration 414 is 0.453774631023407

2017-08-30 12:19:10,297 - [INFO] - from org.deeplearning4j.optimize.listeners.ScoreIterationListener in main
                
Score at iteration 415 is 0.45022058486938477

2017-08-30 12:19:12,306 - [INFO] - from org.deeplearning4j.optimize.listeners.ScoreIterationListener in main
                
Score at iteration 416 is 0.4611893594264984

2017-08-30 12:19:14,157 - [INFO] - from org.deeplearning4j.optimize.listeners.ScoreIterationListener in main
                
Score at iteration 417 is 0.4846484065055847

2017-08-30 12:19:16,048 - [INFO] - from org.deeplearning4j.optimize.listeners.ScoreIterationListener in main
                
Score at iteration 418 is 0.4665602147579193

2017-08-30 12:19:18,042 - [INFO] - from org.deeplearning4j.optimize.listeners.ScoreIterationListener in main
                
Score at iteration 419 is 0.457364022731781

2017-08-30 12:19:19,837 - [INFO] - from org.deeplearning4j.optimize.listeners.ScoreIterationListener in main
                
Score at iteration 420 is 0.46000927686691284

2017-08-30 12:19:21,759 - [INFO] - from org.deeplearning4j.optimize.listeners.ScoreIterationListener in main
                
Score at iteration 421 is 0.43744319677352905

2017-08-30 12:19:23,884 - [INFO] - from org.deeplearning4j.optimize.listeners.ScoreIterationListener in main
                
Score at iteration 422 is 0.4370432496070862

2017-08-30 12:19:25,918 - [INFO] - from org.deeplearning4j.optimize.listeners.ScoreIterationListener in main
                
Score at iteration 423 is 0.49511659145355225

2017-08-30 12:19:27,940 - [INFO] - from org.deeplearning4j.optimize.listeners.ScoreIterationListener in main
                
Score at iteration 424 is 0.47625768184661865

2017-08-30 12:19:29,766 - [INFO] - from org.deeplearning4j.optimize.listeners.ScoreIterationListener in main
                
Score at iteration 425 is 0.4831557273864746

2017-08-30 12:19:31,989 - [INFO] - from org.deeplearning4j.optimize.listeners.ScoreIterationListener in main
                
Score at iteration 426 is 0.4771496057510376

2017-08-30 12:19:33,894 - [INFO] - from org.deeplearning4j.optimize.listeners.ScoreIterationListener in main
                
Score at iteration 427 is 0.4434378147125244

2017-08-30 12:19:35,834 - [INFO] - from org.deeplearning4j.optimize.listeners.ScoreIterationListener in main
                
Score at iteration 428 is 0.4299852252006531

2017-08-30 12:19:37,841 - [INFO] - from org.deeplearning4j.optimize.listeners.ScoreIterationListener in main
                
Score at iteration 429 is 0.45458024740219116

2017-08-30 12:19:39,896 - [INFO] - from org.deeplearning4j.optimize.listeners.ScoreIterationListener in main
                
Score at iteration 430 is 0.48319798707962036

2017-08-30 12:19:41,814 - [INFO] - from org.deeplearning4j.optimize.listeners.ScoreIterationListener in main
                
Score at iteration 431 is 0.4679817259311676

2017-08-30 12:19:43,692 - [INFO] - from org.deeplearning4j.optimize.listeners.ScoreIterationListener in main
                
Score at iteration 432 is 0.4628623127937317

2017-08-30 12:19:45,888 - [INFO] - from org.deeplearning4j.optimize.listeners.ScoreIterationListener in main
                
Score at iteration 433 is 0.41726136207580566

2017-08-30 12:19:47,812 - [INFO] - from org.deeplearning4j.optimize.listeners.ScoreIterationListener in main
                
Score at iteration 434 is 0.4752037525177002

2017-08-30 12:19:49,648 - [INFO] - from org.deeplearning4j.optimize.listeners.ScoreIterationListener in main
                
Score at iteration 435 is 0.44880497455596924

2017-08-30 12:19:51,527 - [INFO] - from org.deeplearning4j.optimize.listeners.ScoreIterationListener in main
                
Score at iteration 436 is 0.4713475704193115

2017-08-30 12:19:53,490 - [INFO] - from org.deeplearning4j.optimize.listeners.ScoreIterationListener in main
                
Score at iteration 437 is 0.42330440878868103

2017-08-30 12:19:55,366 - [INFO] - from org.deeplearning4j.optimize.listeners.ScoreIterationListener in main
                
Score at iteration 438 is 0.43751800060272217

2017-08-30 12:19:57,332 - [INFO] - from org.deeplearning4j.optimize.listeners.ScoreIterationListener in main
                
Score at iteration 439 is 0.46293705701828003

2017-08-30 12:19:59,268 - [INFO] - from org.deeplearning4j.optimize.listeners.ScoreIterationListener in main
                
Score at iteration 440 is 0.43623074889183044

2017-08-30 12:20:01,200 - [INFO] - from org.deeplearning4j.optimize.listeners.ScoreIterationListener in main
                
Score at iteration 441 is 0.4320712089538574

2017-08-30 12:20:03,123 - [INFO] - from org.deeplearning4j.optimize.listeners.ScoreIterationListener in main
                
Score at iteration 442 is 0.4452894628047943

2017-08-30 12:20:05,150 - [INFO] - from org.deeplearning4j.optimize.listeners.ScoreIterationListener in main
                
Score at iteration 443 is 0.4538932144641876

2017-08-30 12:20:07,218 - [INFO] - from org.deeplearning4j.optimize.listeners.ScoreIterationListener in main
                
Score at iteration 444 is 0.4481862187385559

2017-08-30 12:20:09,323 - [INFO] - from org.deeplearning4j.optimize.listeners.ScoreIterationListener in main
                
Score at iteration 445 is 0.4281402826309204

2017-08-30 12:20:11,361 - [INFO] - from org.deeplearning4j.optimize.listeners.ScoreIterationListener in main
                
Score at iteration 446 is 0.46387720108032227

2017-08-30 12:20:13,322 - [INFO] - from org.deeplearning4j.optimize.listeners.ScoreIterationListener in main
                
Score at iteration 447 is 0.497524619102478

2017-08-30 12:20:15,268 - [INFO] - from org.deeplearning4j.optimize.listeners.ScoreIterationListener in main
                
Score at iteration 448 is 0.4795147478580475

2017-08-30 12:20:17,097 - [INFO] - from org.deeplearning4j.optimize.listeners.ScoreIterationListener in main
                
Score at iteration 449 is 0.4439021348953247

